<?xml version="1.0" encoding="UTF-8"?>
<!-- Generated by org.testng.reporters.JUnitReportReporter -->
<testsuite hostname="DESKTOP-9EA7TLF" failures="0" tests="1" name="com.maventest.MavenTest" time="0.010" errors="0" timestamp="2022-08-18T17:59:33 IST" skipped="0">
  <testcase classname="com.maventest.MavenTest" name="tc" time="0.010"/>
  <system-out/>
</testsuite> <!-- com.maventest.MavenTest -->
