<?xml version="1.0" encoding="UTF-8"?>
<!-- Generated by org.testng.reporters.JUnitReportReporter -->
<testsuite skipped="0" hostname="DESKTOP-9EA7TLF" name="com.tests1.TestClass2" tests="1" failures="0" timestamp="2022-08-18T19:02:31 IST" time="0.002" errors="0">
  <testcase name="tc3" time="0.002" classname="com.tests1.TestClass2"/>
  <system-out/>
</testsuite> <!-- com.tests1.TestClass2 -->
