<?xml version="1.0" encoding="UTF-8"?>
<!-- Generated by org.testng.reporters.JUnitReportReporter -->
<testsuite skipped="0" hostname="DESKTOP-9EA7TLF" name="com.maventest.Test1" tests="1" failures="0" timestamp="2022-08-18T19:02:31 IST" time="0.021" errors="0">
  <testcase name="tc" time="0.021" classname="com.maventest.Test1"/>
  <system-out/>
</testsuite> <!-- com.maventest.Test1 -->
