<?xml version="1.0" encoding="UTF-8"?>
<!-- Generated by org.testng.reporters.JUnitReportReporter -->
<testsuite skipped="0" hostname="DESKTOP-9EA7TLF" name="com.tests.TestClass1" tests="1" failures="0" timestamp="2022-08-18T19:05:43 IST" time="0.012" errors="0">
  <testcase name="tc2" time="0.012" classname="com.tests.TestClass1"/>
  <system-out/>
</testsuite> <!-- com.tests.TestClass1 -->
